<?xml version="1.0" encoding="UTF-8"?>
<!-- Generated by org.testng.reporters.JUnitXMLReporter -->
<testsuite ignored="12" hostname="Shlomi-Desktop" failures="3" tests="8" name="Up Footer" time="36.687" errors="0" timestamp="2020-06-05T12:30:41 IDT">
  <testcase classname="tests.MainRunner" name="upFooterOpenWebSite" time="4.909"/>
  <testcase classname="tests.MainRunner" name="upFooterXButton" time="0.121"/>
  <testcase classname="tests.MainRunner" name="upFooterHamburgerButton" time="0.108"/>
  <testcase classname="tests.MainRunner" name="upFooterClickOnB144Link" time="2.337"/>
  <testcase classname="tests.MainRunner" name="compareTextAtDropDownMenu" time="10.321">
    <failure type="org.openqa.selenium.TimeoutException" message="Expected condition failed: waiting for visibility of element located by By.xpath: //span[@id=&amp;apos;FBNameSideMenu&amp;apos;] (tried for 10 second(s) with 500 milliseconds interval)">
      <![CDATA[org.openqa.selenium.TimeoutException: Expected condition failed: waiting for visibility of element located by By.xpath: //span[@id='FBNameSideMenu'] (tried for 10 second(s) with 500 milliseconds interval)
at org.openqa.selenium.support.ui.WebDriverWait.timeoutException(WebDriverWait.java:95)
at org.openqa.selenium.support.ui.FluentWait.until(FluentWait.java:272)
at pages.BasePage.waitForElementToBeVisable(BasePage.java:35)
at pages.B144MainPage.compareOptionsOnDropDownMenu(B144MainPage.java:49)
at tests.MainRunner.compareTextAtDropDownMenu(MainRunner.java:36)
at java.base/java.util.ArrayList.forEach(ArrayList.java:1540)
Caused by: org.openqa.selenium.NoSuchElementException: no such element: Unable to locate element: {"method":"xpath","selector":"//span[@id='FBNameSideMenu']"}
  (Session info: chrome=83.0.4103.97)
For documentation on this error, please visit: https://www.seleniumhq.org/exceptions/no_such_element.html
Build info: version: '3.141.59', revision: 'e82be7d358', time: '2018-11-14T08:17:03'
System info: host: 'SHLOMI-DESKTOP', ip: '192.168.243.1', os.name: 'Windows 10', os.arch: 'amd64', os.version: '10.0', java.version: '12.0.2'
Driver info: org.openqa.selenium.chrome.ChromeDriver
Capabilities {acceptInsecureCerts: false, browserName: chrome, browserVersion: 83.0.4103.97, chrome: {chromedriverVersion: 83.0.4103.39 (ccbf011cb2d2b..., userDataDir: C:\Users\Shlomi\AppData\Loc...}, goog:chromeOptions: {debuggerAddress: localhost:60454}, javascriptEnabled: true, networkConnectionEnabled: false, pageLoadStrategy: normal, platform: WINDOWS, platformName: WINDOWS, proxy: Proxy(), setWindowRect: true, strictFileInteractability: false, timeouts: {implicit: 0, pageLoad: 300000, script: 30000}, unhandledPromptBehavior: dismiss and notify, webauthn:virtualAuthenticators: true}
Session ID: 4b8a3cecb7fa2e3e8514a432b15ed2e0
*** Element info: {Using=xpath, value=//span[@id='FBNameSideMenu']}
at org.openqa.selenium.remote.http.W3CHttpResponseCodec.createException(W3CHttpResponseCodec.java:187)
at org.openqa.selenium.remote.http.W3CHttpResponseCodec.decode(W3CHttpResponseCodec.java:122)
at org.openqa.selenium.remote.http.W3CHttpResponseCodec.decode(W3CHttpResponseCodec.java:49)
at org.openqa.selenium.remote.HttpCommandExecutor.execute(HttpCommandExecutor.java:158)
at org.openqa.selenium.remote.service.DriverCommandExecutor.execute(DriverCommandExecutor.java:83)
at org.openqa.selenium.remote.RemoteWebDriver.execute(RemoteWebDriver.java:552)
at org.openqa.selenium.remote.RemoteWebDriver.findElement(RemoteWebDriver.java:323)
at org.openqa.selenium.remote.RemoteWebDriver.findElementByXPath(RemoteWebDriver.java:428)
at org.openqa.selenium.By$ByXPath.findElement(By.java:353)
at org.openqa.selenium.remote.RemoteWebDriver.findElement(RemoteWebDriver.java:315)
at org.openqa.selenium.support.ui.ExpectedConditions$7.apply(ExpectedConditions.java:205)
at org.openqa.selenium.support.ui.ExpectedConditions$7.apply(ExpectedConditions.java:201)
at org.openqa.selenium.support.ui.FluentWait.until(FluentWait.java:249)
... 31 more
... Removed 31 stack frames]]>
    </failure>
  </testcase> <!-- compareTextAtDropDownMenu -->
  <testcase classname="tests.MainRunner" name="compareTextColorAtDropDownMenu" time="0.013">
    <failure type="org.openqa.selenium.NoSuchElementException" message="no such element: Unable to locate element: {&amp;quot;method&amp;quot;:&amp;quot;css selector&amp;quot;,&amp;quot;selector&amp;quot;:&amp;quot;#topMenuLogin&amp;quot;}
  (Session info: chrome=83.0.4103.97)
For documentation on this error, please visit: https://www.seleniumhq.org/exceptions/no_such_element.html
Build info: version: &amp;apos;3.141.59&amp;apos;, revision: &amp;apos;e82be7d358&amp;apos;, time: &amp;apos;2018-11-14T08:17:03&amp;apos;
System info: host: &amp;apos;SHLOMI-DESKTOP&amp;apos;, ip: &amp;apos;192.168.243.1&amp;apos;, os.name: &amp;apos;Windows 10&amp;apos;, os.arch: &amp;apos;amd64&amp;apos;, os.version: &amp;apos;10.0&amp;apos;, java.version: &amp;apos;12.0.2&amp;apos;
Driver info: org.openqa.selenium.chrome.ChromeDriver
Capabilities {acceptInsecureCerts: false, browserName: chrome, browserVersion: 83.0.4103.97, chrome: {chromedriverVersion: 83.0.4103.39 (ccbf011cb2d2b..., userDataDir: C:\Users\Shlomi\AppData\Loc...}, goog:chromeOptions: {debuggerAddress: localhost:60454}, javascriptEnabled: true, networkConnectionEnabled: false, pageLoadStrategy: normal, platform: WINDOWS, platformName: WINDOWS, proxy: Proxy(), setWindowRect: true, strictFileInteractability: false, timeouts: {implicit: 0, pageLoad: 300000, script: 30000}, unhandledPromptBehavior: dismiss and notify, webauthn:virtualAuthenticators: true}
Session ID: 4b8a3cecb7fa2e3e8514a432b15ed2e0
*** Element info: {Using=id, value=topMenuLogin}">
      <![CDATA[org.openqa.selenium.NoSuchElementException: no such element: Unable to locate element: {"method":"css selector","selector":"#topMenuLogin"}
  (Session info: chrome=83.0.4103.97)
For documentation on this error, please visit: https://www.seleniumhq.org/exceptions/no_such_element.html
Build info: version: '3.141.59', revision: 'e82be7d358', time: '2018-11-14T08:17:03'
System info: host: 'SHLOMI-DESKTOP', ip: '192.168.243.1', os.name: 'Windows 10', os.arch: 'amd64', os.version: '10.0', java.version: '12.0.2'
Driver info: org.openqa.selenium.chrome.ChromeDriver
Capabilities {acceptInsecureCerts: false, browserName: chrome, browserVersion: 83.0.4103.97, chrome: {chromedriverVersion: 83.0.4103.39 (ccbf011cb2d2b..., userDataDir: C:\Users\Shlomi\AppData\Loc...}, goog:chromeOptions: {debuggerAddress: localhost:60454}, javascriptEnabled: true, networkConnectionEnabled: false, pageLoadStrategy: normal, platform: WINDOWS, platformName: WINDOWS, proxy: Proxy(), setWindowRect: true, strictFileInteractability: false, timeouts: {implicit: 0, pageLoad: 300000, script: 30000}, unhandledPromptBehavior: dismiss and notify, webauthn:virtualAuthenticators: true}
Session ID: 4b8a3cecb7fa2e3e8514a432b15ed2e0
*** Element info: {Using=id, value=topMenuLogin}
at org.openqa.selenium.remote.http.W3CHttpResponseCodec.createException(W3CHttpResponseCodec.java:187)
at org.openqa.selenium.remote.http.W3CHttpResponseCodec.decode(W3CHttpResponseCodec.java:122)
at org.openqa.selenium.remote.http.W3CHttpResponseCodec.decode(W3CHttpResponseCodec.java:49)
at org.openqa.selenium.remote.HttpCommandExecutor.execute(HttpCommandExecutor.java:158)
at org.openqa.selenium.remote.service.DriverCommandExecutor.execute(DriverCommandExecutor.java:83)
at org.openqa.selenium.remote.RemoteWebDriver.execute(RemoteWebDriver.java:552)
at org.openqa.selenium.remote.RemoteWebDriver.findElement(RemoteWebDriver.java:323)
at org.openqa.selenium.remote.RemoteWebDriver.findElementById(RemoteWebDriver.java:372)
at org.openqa.selenium.By$ById.findElement(By.java:188)
at org.openqa.selenium.remote.RemoteWebDriver.findElement(RemoteWebDriver.java:315)
at pages.BasePage.mouseHooverFromElement(BasePage.java:48)
at pages.B144MainPage.testColorOfButtons(B144MainPage.java:61)
at tests.MainRunner.compareTextColorAtDropDownMenu(MainRunner.java:42)
at java.base/java.util.ArrayList.forEach(ArrayList.java:1540)
... Removed 31 stack frames]]>
    </failure>
  </testcase> <!-- compareTextColorAtDropDownMenu -->
  <testcase classname="tests.MainRunner" name="testLoginPagesforPrivateAndBusiness" time="10.338">
    <failure type="org.openqa.selenium.TimeoutException" message="Expected condition failed: waiting for element to be clickable: By.id: topMenuLogin (tried for 10 second(s) with 500 milliseconds interval)">
      <![CDATA[org.openqa.selenium.TimeoutException: Expected condition failed: waiting for element to be clickable: By.id: topMenuLogin (tried for 10 second(s) with 500 milliseconds interval)
at org.openqa.selenium.support.ui.WebDriverWait.timeoutException(WebDriverWait.java:95)
at org.openqa.selenium.support.ui.FluentWait.until(FluentWait.java:272)
at pages.BasePage.waitForElementToBeClickable(BasePage.java:31)
at pages.B144MainPage.testLoginPages(B144MainPage.java:78)
at tests.MainRunner.testLoginPagesforPrivateAndBusiness(MainRunner.java:48)
at java.base/java.util.ArrayList.forEach(ArrayList.java:1540)
Caused by: org.openqa.selenium.NoSuchElementException: no such element: Unable to locate element: {"method":"css selector","selector":"#topMenuLogin"}
  (Session info: chrome=83.0.4103.97)
For documentation on this error, please visit: https://www.seleniumhq.org/exceptions/no_such_element.html
Build info: version: '3.141.59', revision: 'e82be7d358', time: '2018-11-14T08:17:03'
System info: host: 'SHLOMI-DESKTOP', ip: '192.168.243.1', os.name: 'Windows 10', os.arch: 'amd64', os.version: '10.0', java.version: '12.0.2'
Driver info: org.openqa.selenium.chrome.ChromeDriver
Capabilities {acceptInsecureCerts: false, browserName: chrome, browserVersion: 83.0.4103.97, chrome: {chromedriverVersion: 83.0.4103.39 (ccbf011cb2d2b..., userDataDir: C:\Users\Shlomi\AppData\Loc...}, goog:chromeOptions: {debuggerAddress: localhost:60454}, javascriptEnabled: true, networkConnectionEnabled: false, pageLoadStrategy: normal, platform: WINDOWS, platformName: WINDOWS, proxy: Proxy(), setWindowRect: true, strictFileInteractability: false, timeouts: {implicit: 0, pageLoad: 300000, script: 30000}, unhandledPromptBehavior: dismiss and notify, webauthn:virtualAuthenticators: true}
Session ID: 4b8a3cecb7fa2e3e8514a432b15ed2e0
*** Element info: {Using=id, value=topMenuLogin}
at org.openqa.selenium.remote.http.W3CHttpResponseCodec.createException(W3CHttpResponseCodec.java:187)
at org.openqa.selenium.remote.http.W3CHttpResponseCodec.decode(W3CHttpResponseCodec.java:122)
at org.openqa.selenium.remote.http.W3CHttpResponseCodec.decode(W3CHttpResponseCodec.java:49)
at org.openqa.selenium.remote.HttpCommandExecutor.execute(HttpCommandExecutor.java:158)
at org.openqa.selenium.remote.service.DriverCommandExecutor.execute(DriverCommandExecutor.java:83)
at org.openqa.selenium.remote.RemoteWebDriver.execute(RemoteWebDriver.java:552)
at org.openqa.selenium.remote.RemoteWebDriver.findElement(RemoteWebDriver.java:323)
at org.openqa.selenium.remote.RemoteWebDriver.findElementById(RemoteWebDriver.java:372)
at org.openqa.selenium.By$ById.findElement(By.java:188)
at org.openqa.selenium.remote.RemoteWebDriver.findElement(RemoteWebDriver.java:315)
at org.openqa.selenium.support.ui.ExpectedConditions$7.apply(ExpectedConditions.java:205)
at org.openqa.selenium.support.ui.ExpectedConditions$7.apply(ExpectedConditions.java:201)
at org.openqa.selenium.support.ui.ExpectedConditions$22.apply(ExpectedConditions.java:641)
at org.openqa.selenium.support.ui.ExpectedConditions$22.apply(ExpectedConditions.java:638)
at org.openqa.selenium.support.ui.FluentWait.until(FluentWait.java:249)
... 31 more
... Removed 31 stack frames]]>
    </failure>
  </testcase> <!-- testLoginPagesforPrivateAndBusiness -->
  <testcase classname="tests.MainRunner" name="testAccessabilityMenu" time="1.519"/>
  <testcase classname="tests.MainRunner" name="testThatEachCardHasTitle" time="0.0">
    <ignored/>
  </testcase> <!-- testThatEachCardHasTitle -->
  <testcase classname="tests.MainRunner" name="testColorOfNumberAtTicketThatNotTheSameAsBackground" time="0.0">
    <ignored/>
  </testcase> <!-- testColorOfNumberAtTicketThatNotTheSameAsBackground -->
  <testcase classname="tests.MainRunner" name="countCardsAtMapPage" time="0.0">
    <ignored/>
  </testcase> <!-- countCardsAtMapPage -->
  <testcase classname="tests.MainRunner" name="testClickOnNumberLeadToBusinessPage" time="0.0">
    <ignored/>
  </testcase> <!-- testClickOnNumberLeadToBusinessPage -->
  <testcase classname="tests.MainRunner" name="testColorOfTicketNumber" time="0.0">
    <ignored/>
  </testcase> <!-- testColorOfTicketNumber -->
  <testcase classname="tests.MainRunner" name="testBusinssTabIcon" time="0.0">
    <ignored/>
  </testcase> <!-- testBusinssTabIcon -->
  <testcase classname="tests.MainRunner" name="testBusinssTabTextColor" time="0.0">
    <ignored/>
  </testcase> <!-- testBusinssTabTextColor -->
  <testcase classname="tests.MainRunner" name="testMapsHeaderTextTopRight" time="0.0">
    <ignored/>
  </testcase> <!-- testMapsHeaderTextTopRight -->
  <testcase classname="tests.MainRunner" name="testThatCardsHaveNumbers" time="0.0">
    <ignored/>
  </testcase> <!-- testThatCardsHaveNumbers -->
  <testcase classname="tests.MainRunner" name="testThatEachCardTitleIsWhite" time="0.0">
    <ignored/>
  </testcase> <!-- testThatEachCardTitleIsWhite -->
  <testcase classname="tests.MainRunner" name="testBusinssTabColorWhenUnselected" time="0.0">
    <ignored/>
  </testcase> <!-- testBusinssTabColorWhenUnselected -->
  <testcase classname="tests.MainRunner" name="testBusinssTabIsDefaultSelected" time="0.0">
    <ignored/>
  </testcase> <!-- testBusinssTabIsDefaultSelected -->
</testsuite> <!-- Up Footer -->
